<?xml version="1.0" encoding="UTF-8"?>
<testng-results ignored="0" total="7" passed="7" failed="0" skipped="0">
  <reporter-output>
  </reporter-output>
  <suite started-at="2026-05-05T19:32:35 IST" name="Suite1" finished-at="2026-05-05T19:32:45 IST" duration-ms="10717">
    <groups>
    </groups>
    <test started-at="2026-05-05T19:32:35 IST" name="Test1" finished-at="2026-05-05T19:32:45 IST" duration-ms="10717">
      <class name="day22.FirstTestCase">
        <test-method signature="openApp()[pri:1, instance:day22.FirstTestCase@2d7275fc]" started-at="2026-05-05T19:32:45 IST" name="openApp" finished-at="2026-05-05T19:32:45 IST" duration-ms="0" status="PASS">
          <reporter-output>
          </reporter-output>
        </test-method> <!-- openApp -->
        <test-method signature="login()[pri:2, instance:day22.FirstTestCase@2d7275fc]" started-at="2026-05-05T19:32:45 IST" name="login" finished-at="2026-05-05T19:32:45 IST" duration-ms="0" status="PASS">
          <reporter-output>
          </reporter-output>
        </test-method> <!-- login -->
        <test-method signature="logout()[pri:3, instance:day22.FirstTestCase@2d7275fc]" started-at="2026-05-05T19:32:45 IST" name="logout" finished-at="2026-05-05T19:32:45 IST" duration-ms="2" status="PASS">
          <reporter-output>
          </reporter-output>
        </test-method> <!-- logout -->
      </class> <!-- day22.FirstTestCase -->
      <class name="day22.OrangeHRMTest">
        <test-method signature="openApp()[pri:1, instance:day22.OrangeHRMTest@6379eb]" started-at="2026-05-05T19:32:35 IST" name="openApp" finished-at="2026-05-05T19:32:40 IST" duration-ms="5211" status="PASS">
          <reporter-output>
          </reporter-output>
        </test-method> <!-- openApp -->
        <test-method signature="testLogin()[pri:2, instance:day22.OrangeHRMTest@6379eb]" started-at="2026-05-05T19:32:40 IST" name="testLogin" finished-at="2026-05-05T19:32:45 IST" duration-ms="5051" status="PASS">
          <reporter-output>
          </reporter-output>
        </test-method> <!-- testLogin -->
        <test-method signature="testLogout()[pri:3, instance:day22.OrangeHRMTest@6379eb]" started-at="2026-05-05T19:32:45 IST" name="testLogout" finished-at="2026-05-05T19:32:45 IST" duration-ms="191" status="PASS">
          <reporter-output>
          </reporter-output>
        </test-method> <!-- testLogout -->
        <test-method signature="closeApp()[pri:4, instance:day22.OrangeHRMTest@6379eb]" started-at="2026-05-05T19:32:45 IST" name="closeApp" finished-at="2026-05-05T19:32:45 IST" duration-ms="191" status="PASS">
          <reporter-output>
          </reporter-output>
        </test-method> <!-- closeApp -->
      </class> <!-- day22.OrangeHRMTest -->
    </test> <!-- Test1 -->
  </suite> <!-- Suite1 -->
</testng-results>
